<?xml version="1.0" encoding="UTF-8"?>
<coverage generated="1583481901">
  <project timestamp="1583481901">
    <package name="Rozeo\Ogp">
      <file name="/home/rozeo/Documents/php/php-ogp/src/AnnotationPropertyHtmlConverter.php">
        <class name="AnnotationPropertyHtmlConverter" namespace="Rozeo\Ogp">
          <metrics complexity="8" methods="2" coveredmethods="2" conditionals="0" coveredconditionals="0" statements="19" coveredstatements="19" elements="21" coveredelements="21"/>
        </class>
        <line num="15" type="method" name="toHtml" visibility="public" complexity="4" crap="4" count="2"/>
        <line num="17" type="stmt" count="2"/>
        <line num="19" type="stmt" count="2"/>
        <line num="20" type="stmt" count="2"/>
        <line num="22" type="stmt" count="2"/>
        <line num="23" type="stmt" count="2"/>
        <line num="25" type="stmt" count="2"/>
        <line num="28" type="stmt" count="2"/>
        <line num="30" type="stmt" count="2"/>
        <line num="31" type="stmt" count="2"/>
        <line num="35" type="stmt" count="2"/>
        <line num="43" type="method" name="getPropertyMetaName" visibility="public" complexity="4" crap="4" count="2"/>
        <line num="45" type="stmt" count="2"/>
        <line num="47" type="stmt" count="2"/>
        <line num="48" type="stmt" count="2"/>
        <line num="49" type="stmt" count="2"/>
        <line num="52" type="stmt" count="2"/>
        <line num="54" type="stmt" count="2"/>
        <line num="55" type="stmt" count="2"/>
        <line num="56" type="stmt" count="2"/>
        <line num="60" type="stmt" count="2"/>
        <metrics loc="62" ncloc="52" classes="1" methods="2" coveredmethods="2" conditionals="0" coveredconditionals="0" statements="19" coveredstatements="19" elements="21" coveredelements="21"/>
      </file>
      <file name="/home/rozeo/Documents/php/php-ogp/src/Ogp.php">
        <class name="Rozeo\Ogp\Ogp" namespace="Rozeo\Ogp">
          <metrics complexity="14" methods="10" coveredmethods="10" conditionals="0" coveredconditionals="0" statements="25" coveredstatements="25" elements="35" coveredelements="35"/>
        </class>
        <line num="42" type="method" name="__construct" visibility="public" complexity="2" crap="2" count="3"/>
        <line num="44" type="stmt" count="3"/>
        <line num="45" type="stmt" count="3"/>
        <line num="46" type="stmt" count="3"/>
        <line num="48" type="stmt" count="3"/>
        <line num="49" type="stmt" count="1"/>
        <line num="51" type="stmt" count="3"/>
        <line num="53" type="method" name="__toString" visibility="public" complexity="2" crap="2" count="1"/>
        <line num="55" type="stmt" count="1"/>
        <line num="56" type="stmt" count="1"/>
        <line num="58" type="stmt" count="1"/>
        <line num="59" type="stmt" count="1"/>
        <line num="62" type="stmt" count="1"/>
        <line num="71" type="method" name="getTitle" visibility="public" complexity="1" crap="1" count="2"/>
        <line num="73" type="stmt" count="2"/>
        <line num="82" type="method" name="setTitle" visibility="public" complexity="1" crap="1" count="3"/>
        <line num="84" type="stmt" count="3"/>
        <line num="85" type="stmt" count="3"/>
        <line num="94" type="method" name="getType" visibility="public" complexity="1" crap="1" count="2"/>
        <line num="96" type="stmt" count="2"/>
        <line num="105" type="method" name="setType" visibility="public" complexity="1" crap="1" count="3"/>
        <line num="107" type="stmt" count="3"/>
        <line num="108" type="stmt" count="3"/>
        <line num="116" type="method" name="getOgpDataBody" visibility="public" complexity="1" crap="1" count="1"/>
        <line num="118" type="stmt" count="1"/>
        <line num="127" type="method" name="setOgpDataBody" visibility="public" complexity="1" crap="1" count="2"/>
        <line num="129" type="stmt" count="2"/>
        <line num="130" type="stmt" count="2"/>
        <line num="139" type="method" name="getUrl" visibility="public" complexity="1" crap="1" count="2"/>
        <line num="141" type="stmt" count="2"/>
        <line num="150" type="method" name="setUrl" visibility="public" complexity="3" crap="3" count="3"/>
        <line num="152" type="stmt" count="3"/>
        <line num="153" type="stmt" count="1"/>
        <line num="156" type="stmt" count="3"/>
        <line num="157" type="stmt" count="3"/>
        <metrics loc="159" ncloc="89" classes="1" methods="10" coveredmethods="10" conditionals="0" coveredconditionals="0" statements="25" coveredstatements="25" elements="35" coveredelements="35"/>
      </file>
      <file name="/home/rozeo/Documents/php/php-ogp/src/OgpImage.php">
        <class name="Rozeo\Ogp\OgpImage" namespace="Rozeo\Ogp">
          <metrics complexity="25" methods="14" coveredmethods="13" conditionals="0" coveredconditionals="0" statements="48" coveredstatements="47" elements="62" coveredelements="60"/>
        </class>
        <line num="50" type="method" name="__construct" visibility="public" complexity="1" crap="1" count="17"/>
        <line num="52" type="stmt" count="17"/>
        <line num="53" type="stmt" count="17"/>
        <line num="54" type="stmt" count="17"/>
        <line num="55" type="stmt" count="17"/>
        <line num="56" type="stmt" count="17"/>
        <line num="57" type="stmt" count="17"/>
        <line num="58" type="stmt" count="17"/>
        <line num="66" type="method" name="getUrl" visibility="public" complexity="1" crap="1" count="1"/>
        <line num="68" type="stmt" count="1"/>
        <line num="77" type="method" name="setUrl" visibility="public" complexity="3" crap="3" count="5"/>
        <line num="79" type="stmt" count="5"/>
        <line num="80" type="stmt" count="1"/>
        <line num="83" type="stmt" count="4"/>
        <line num="85" type="stmt" count="4"/>
        <line num="86" type="stmt" count="4"/>
        <line num="87" type="stmt" count="2"/>
        <line num="90" type="stmt" count="4"/>
        <line num="99" type="method" name="getSecureUrl" visibility="public" complexity="1" crap="1" count="1"/>
        <line num="101" type="stmt" count="1"/>
        <line num="110" type="method" name="setSecureUrl" visibility="public" complexity="4" crap="4" count="5"/>
        <line num="112" type="stmt" count="5"/>
        <line num="113" type="stmt" count="1"/>
        <line num="116" type="stmt" count="4"/>
        <line num="117" type="stmt" count="1"/>
        <line num="120" type="stmt" count="3"/>
        <line num="122" type="stmt" count="3"/>
        <line num="123" type="stmt" count="3"/>
        <line num="124" type="stmt" count="1"/>
        <line num="127" type="stmt" count="3"/>
        <line num="136" type="method" name="getType" visibility="public" complexity="1" crap="1" count="6"/>
        <line num="138" type="stmt" count="6"/>
        <line num="147" type="method" name="setType" visibility="public" complexity="3" crap="3" count="7"/>
        <line num="149" type="stmt" count="7"/>
        <line num="150" type="stmt" count="1"/>
        <line num="153" type="stmt" count="6"/>
        <line num="155" type="stmt" count="6"/>
        <line num="164" type="method" name="getWidth" visibility="public" complexity="1" crap="1" count="1"/>
        <line num="166" type="stmt" count="1"/>
        <line num="175" type="method" name="setWidth" visibility="public" complexity="2" crap="2" count="2"/>
        <line num="177" type="stmt" count="2"/>
        <line num="178" type="stmt" count="1"/>
        <line num="181" type="stmt" count="1"/>
        <line num="182" type="stmt" count="1"/>
        <line num="191" type="method" name="getHeight" visibility="public" complexity="1" crap="1" count="1"/>
        <line num="193" type="stmt" count="1"/>
        <line num="202" type="method" name="setHeight" visibility="public" complexity="2" crap="2" count="2"/>
        <line num="204" type="stmt" count="2"/>
        <line num="205" type="stmt" count="1"/>
        <line num="208" type="stmt" count="1"/>
        <line num="209" type="stmt" count="1"/>
        <line num="218" type="method" name="getAlt" visibility="public" complexity="1" crap="1" count="1"/>
        <line num="220" type="stmt" count="1"/>
        <line num="229" type="method" name="setAlt" visibility="public" complexity="1" crap="1" count="1"/>
        <line num="231" type="stmt" count="1"/>
        <line num="232" type="stmt" count="1"/>
        <line num="241" type="method" name="getMimeTypeFromUrl" visibility="public" complexity="3" crap="3.07" count="7"/>
        <line num="243" type="stmt" count="7"/>
        <line num="244" type="stmt" count="0"/>
        <line num="247" type="stmt" count="7"/>
        <line num="248" type="stmt" count="3"/>
        <line num="251" type="stmt" count="4"/>
        <metrics loc="253" ncloc="157" classes="1" methods="14" coveredmethods="13" conditionals="0" coveredconditionals="0" statements="48" coveredstatements="47" elements="62" coveredelements="60"/>
      </file>
    </package>
    <file name="/home/rozeo/Documents/php/php-ogp/src/OgpDataInterface.php">
      <metrics loc="13" ncloc="8" classes="0" methods="0" coveredmethods="0" conditionals="0" coveredconditionals="0" statements="0" coveredstatements="0" elements="0" coveredelements="0"/>
    </file>
    <file name="/home/rozeo/Documents/php/php-ogp/src/OgpImageInterface.php">
      <metrics loc="102" ncloc="30" classes="0" methods="0" coveredmethods="0" conditionals="0" coveredconditionals="0" statements="0" coveredstatements="0" elements="0" coveredelements="0"/>
    </file>
    <file name="/home/rozeo/Documents/php/php-ogp/src/OgpInterface.php">
      <metrics loc="72" ncloc="22" classes="0" methods="0" coveredmethods="0" conditionals="0" coveredconditionals="0" statements="0" coveredstatements="0" elements="0" coveredelements="0"/>
    </file>
    <metrics files="6" loc="661" ncloc="358" classes="3" methods="26" coveredmethods="25" conditionals="0" coveredconditionals="0" statements="92" coveredstatements="91" elements="118" coveredelements="116"/>
  </project>
</coverage>
